12:12:02,950 [                     main] ERROR [InnenExtractor] [] An error occurred
org.springframework.beans.factory.BeanCreationException: Error creating bean with name 'configurationproviderbean' defined in class path resource [spring/solrclient-beans.xml]: Invocation of init method failed; nested exception is java.lang.NoClassDefFoundError: org/apache/solr/client/solrj/SolrServer
	at org.springframework.beans.factory.support.AbstractAutowireCapableBeanFactory.initializeBean(AbstractAutowireCapableBeanFactory.java:1628)
	at org.springframework.beans.factory.support.AbstractAutowireCapableBeanFactory.doCreateBean(AbstractAutowireCapableBeanFactory.java:555)
	at org.springframework.beans.factory.support.AbstractAutowireCapableBeanFactory.createBean(AbstractAutowireCapableBeanFactory.java:483)
	at org.springframework.beans.factory.support.AbstractBeanFactory$1.getObject(AbstractBeanFactory.java:306)
	at org.springframework.beans.factory.support.DefaultSingletonBeanRegistry.getSingleton(DefaultSingletonBeanRegistry.java:230)
	at org.springframework.beans.factory.support.AbstractBeanFactory.doGetBean(AbstractBeanFactory.java:302)
	at org.springframework.beans.factory.support.AbstractBeanFactory.getBean(AbstractBeanFactory.java:197)
	at org.springframework.beans.factory.support.DefaultListableBeanFactory.preInstantiateSingletons(DefaultListableBeanFactory.java:761)
	at org.springframework.context.support.AbstractApplicationContext.finishBeanFactoryInitialization(AbstractApplicationContext.java:867)
	at org.springframework.context.support.AbstractApplicationContext.refresh(AbstractApplicationContext.java:543)
	at org.springframework.context.support.ClassPathXmlApplicationContext.<init>(ClassPathXmlApplicationContext.java:139)
	at eu.innovation.engineering.keyword.extractor.innen.InnenExtractor.executeInSpringContext(InnenExtractor.java:105)
	at eu.innovation.engineering.keyword.extractor.innen.InnenExtractor.extractKeywordsFromText(InnenExtractor.java:50)
	at eu.innovation.engineering.prepocessing.DatasetBuilder.addKeywords(DatasetBuilder.java:60)
	at eu.innovation.engineering.prepocessing.DatasetBuilder.buildDataset(DatasetBuilder.java:45)
	at eu.innovation.engineering.prepocessing.DatasetBuilder.main(DatasetBuilder.java:129)
Caused by: java.lang.NoClassDefFoundError: org/apache/solr/client/solrj/SolrServer
	at eu.innovationengineering.solrclient.auth.configuration.ConfigurationProvider.initConfiguration(ConfigurationProvider.java:63)
	at eu.innovationengineering.solrclient.auth.configuration.ConfigurationProvider.init(ConfigurationProvider.java:22)
	at sun.reflect.NativeMethodAccessorImpl.invoke0(Native Method)
	at sun.reflect.NativeMethodAccessorImpl.invoke(NativeMethodAccessorImpl.java:62)
	at sun.reflect.DelegatingMethodAccessorImpl.invoke(DelegatingMethodAccessorImpl.java:43)
	at java.lang.reflect.Method.invoke(Method.java:498)
	at org.springframework.beans.factory.support.AbstractAutowireCapableBeanFactory.invokeCustomInitMethod(AbstractAutowireCapableBeanFactory.java:1758)
	at org.springframework.beans.factory.support.AbstractAutowireCapableBeanFactory.invokeInitMethods(AbstractAutowireCapableBeanFactory.java:1695)
	at org.springframework.beans.factory.support.AbstractAutowireCapableBeanFactory.initializeBean(AbstractAutowireCapableBeanFactory.java:1624)
	... 15 more
Caused by: java.lang.ClassNotFoundException: org.apache.solr.client.solrj.SolrServer
	at java.net.URLClassLoader.findClass(URLClassLoader.java:381)
	at java.lang.ClassLoader.loadClass(ClassLoader.java:424)
	at sun.misc.Launcher$AppClassLoader.loadClass(Launcher.java:335)
	at java.lang.ClassLoader.loadClass(ClassLoader.java:357)
	... 24 more
12:12:03,165 [                     main] ERROR [InnenExtractor] [] An error occurred
org.springframework.beans.factory.BeanCreationException: Error creating bean with name 'configurationproviderbean' defined in class path resource [spring/solrclient-beans.xml]: Invocation of init method failed; nested exception is java.lang.NoClassDefFoundError: org/apache/solr/client/solrj/SolrServer
	at org.springframework.beans.factory.support.AbstractAutowireCapableBeanFactory.initializeBean(AbstractAutowireCapableBeanFactory.java:1628)
	at org.springframework.beans.factory.support.AbstractAutowireCapableBeanFactory.doCreateBean(AbstractAutowireCapableBeanFactory.java:555)
	at org.springframework.beans.factory.support.AbstractAutowireCapableBeanFactory.createBean(AbstractAutowireCapableBeanFactory.java:483)
	at org.springframework.beans.factory.support.AbstractBeanFactory$1.getObject(AbstractBeanFactory.java:306)
	at org.springframework.beans.factory.support.DefaultSingletonBeanRegistry.getSingleton(DefaultSingletonBeanRegistry.java:230)
	at org.springframework.beans.factory.support.AbstractBeanFactory.doGetBean(AbstractBeanFactory.java:302)
	at org.springframework.beans.factory.support.AbstractBeanFactory.getBean(AbstractBeanFactory.java:197)
	at org.springframework.beans.factory.support.DefaultListableBeanFactory.preInstantiateSingletons(DefaultListableBeanFactory.java:761)
	at org.springframework.context.support.AbstractApplicationContext.finishBeanFactoryInitialization(AbstractApplicationContext.java:867)
	at org.springframework.context.support.AbstractApplicationContext.refresh(AbstractApplicationContext.java:543)
	at org.springframework.context.support.ClassPathXmlApplicationContext.<init>(ClassPathXmlApplicationContext.java:139)
	at eu.innovation.engineering.keyword.extractor.innen.InnenExtractor.executeInSpringContext(InnenExtractor.java:105)
	at eu.innovation.engineering.keyword.extractor.innen.InnenExtractor.extractKeywordsFromText(InnenExtractor.java:50)
	at eu.innovation.engineering.prepocessing.DatasetBuilder.addKeywords(DatasetBuilder.java:60)
	at eu.innovation.engineering.prepocessing.DatasetBuilder.buildDataset(DatasetBuilder.java:45)
	at eu.innovation.engineering.prepocessing.DatasetBuilder.main(DatasetBuilder.java:129)
Caused by: java.lang.NoClassDefFoundError: org/apache/solr/client/solrj/SolrServer
	at eu.innovationengineering.solrclient.auth.configuration.ConfigurationProvider.initConfiguration(ConfigurationProvider.java:63)
	at eu.innovationengineering.solrclient.auth.configuration.ConfigurationProvider.init(ConfigurationProvider.java:22)
	at sun.reflect.NativeMethodAccessorImpl.invoke0(Native Method)
	at sun.reflect.NativeMethodAccessorImpl.invoke(NativeMethodAccessorImpl.java:62)
	at sun.reflect.DelegatingMethodAccessorImpl.invoke(DelegatingMethodAccessorImpl.java:43)
	at java.lang.reflect.Method.invoke(Method.java:498)
	at org.springframework.beans.factory.support.AbstractAutowireCapableBeanFactory.invokeCustomInitMethod(AbstractAutowireCapableBeanFactory.java:1758)
	at org.springframework.beans.factory.support.AbstractAutowireCapableBeanFactory.invokeInitMethods(AbstractAutowireCapableBeanFactory.java:1695)
	at org.springframework.beans.factory.support.AbstractAutowireCapableBeanFactory.initializeBean(AbstractAutowireCapableBeanFactory.java:1624)
	... 15 more
Caused by: java.lang.ClassNotFoundException: org.apache.solr.client.solrj.SolrServer
	at java.net.URLClassLoader.findClass(URLClassLoader.java:381)
	at java.lang.ClassLoader.loadClass(ClassLoader.java:424)
	at sun.misc.Launcher$AppClassLoader.loadClass(Launcher.java:335)
	at java.lang.ClassLoader.loadClass(ClassLoader.java:357)
	... 24 more
12:12:03,340 [                     main] ERROR [InnenExtractor] [] An error occurred
org.springframework.beans.factory.BeanCreationException: Error creating bean with name 'configurationproviderbean' defined in class path resource [spring/solrclient-beans.xml]: Invocation of init method failed; nested exception is java.lang.NoClassDefFoundError: org/apache/solr/client/solrj/SolrServer
	at org.springframework.beans.factory.support.AbstractAutowireCapableBeanFactory.initializeBean(AbstractAutowireCapableBeanFactory.java:1628)
	at org.springframework.beans.factory.support.AbstractAutowireCapableBeanFactory.doCreateBean(AbstractAutowireCapableBeanFactory.java:555)
	at org.springframework.beans.factory.support.AbstractAutowireCapableBeanFactory.createBean(AbstractAutowireCapableBeanFactory.java:483)
	at org.springframework.beans.factory.support.AbstractBeanFactory$1.getObject(AbstractBeanFactory.java:306)
	at org.springframework.beans.factory.support.DefaultSingletonBeanRegistry.getSingleton(DefaultSingletonBeanRegistry.java:230)
	at org.springframework.beans.factory.support.AbstractBeanFactory.doGetBean(AbstractBeanFactory.java:302)
	at org.springframework.beans.factory.support.AbstractBeanFactory.getBean(AbstractBeanFactory.java:197)
	at org.springframework.beans.factory.support.DefaultListableBeanFactory.preInstantiateSingletons(DefaultListableBeanFactory.java:761)
	at org.springframework.context.support.AbstractApplicationContext.finishBeanFactoryInitialization(AbstractApplicationContext.java:867)
	at org.springframework.context.support.AbstractApplicationContext.refresh(AbstractApplicationContext.java:543)
	at org.springframework.context.support.ClassPathXmlApplicationContext.<init>(ClassPathXmlApplicationContext.java:139)
	at eu.innovation.engineering.keyword.extractor.innen.InnenExtractor.executeInSpringContext(InnenExtractor.java:105)
	at eu.innovation.engineering.keyword.extractor.innen.InnenExtractor.extractKeywordsFromText(InnenExtractor.java:50)
	at eu.innovation.engineering.prepocessing.DatasetBuilder.addKeywords(DatasetBuilder.java:60)
	at eu.innovation.engineering.prepocessing.DatasetBuilder.buildDataset(DatasetBuilder.java:45)
	at eu.innovation.engineering.prepocessing.DatasetBuilder.main(DatasetBuilder.java:129)
Caused by: java.lang.NoClassDefFoundError: org/apache/solr/client/solrj/SolrServer
	at eu.innovationengineering.solrclient.auth.configuration.ConfigurationProvider.initConfiguration(ConfigurationProvider.java:63)
	at eu.innovationengineering.solrclient.auth.configuration.ConfigurationProvider.init(ConfigurationProvider.java:22)
	at sun.reflect.NativeMethodAccessorImpl.invoke0(Native Method)
	at sun.reflect.NativeMethodAccessorImpl.invoke(NativeMethodAccessorImpl.java:62)
	at sun.reflect.DelegatingMethodAccessorImpl.invoke(DelegatingMethodAccessorImpl.java:43)
	at java.lang.reflect.Method.invoke(Method.java:498)
	at org.springframework.beans.factory.support.AbstractAutowireCapableBeanFactory.invokeCustomInitMethod(AbstractAutowireCapableBeanFactory.java:1758)
	at org.springframework.beans.factory.support.AbstractAutowireCapableBeanFactory.invokeInitMethods(AbstractAutowireCapableBeanFactory.java:1695)
	at org.springframework.beans.factory.support.AbstractAutowireCapableBeanFactory.initializeBean(AbstractAutowireCapableBeanFactory.java:1624)
	... 15 more
Caused by: java.lang.ClassNotFoundException: org.apache.solr.client.solrj.SolrServer
	at java.net.URLClassLoader.findClass(URLClassLoader.java:381)
	at java.lang.ClassLoader.loadClass(ClassLoader.java:424)
	at sun.misc.Launcher$AppClassLoader.loadClass(Launcher.java:335)
	at java.lang.ClassLoader.loadClass(ClassLoader.java:357)
	... 24 more
12:12:03,502 [                     main] ERROR [InnenExtractor] [] An error occurred
org.springframework.beans.factory.BeanCreationException: Error creating bean with name 'configurationproviderbean' defined in class path resource [spring/solrclient-beans.xml]: Invocation of init method failed; nested exception is java.lang.NoClassDefFoundError: org/apache/solr/client/solrj/SolrServer
	at org.springframework.beans.factory.support.AbstractAutowireCapableBeanFactory.initializeBean(AbstractAutowireCapableBeanFactory.java:1628)
	at org.springframework.beans.factory.support.AbstractAutowireCapableBeanFactory.doCreateBean(AbstractAutowireCapableBeanFactory.java:555)
	at org.springframework.beans.factory.support.AbstractAutowireCapableBeanFactory.createBean(AbstractAutowireCapableBeanFactory.java:483)
	at org.springframework.beans.factory.support.AbstractBeanFactory$1.getObject(AbstractBeanFactory.java:306)
	at org.springframework.beans.factory.support.DefaultSingletonBeanRegistry.getSingleton(DefaultSingletonBeanRegistry.java:230)
	at org.springframework.beans.factory.support.AbstractBeanFactory.doGetBean(AbstractBeanFactory.java:302)
	at org.springframework.beans.factory.support.AbstractBeanFactory.getBean(AbstractBeanFactory.java:197)
	at org.springframework.beans.factory.support.DefaultListableBeanFactory.preInstantiateSingletons(DefaultListableBeanFactory.java:761)
	at org.springframework.context.support.AbstractApplicationContext.finishBeanFactoryInitialization(AbstractApplicationContext.java:867)
	at org.springframework.context.support.AbstractApplicationContext.refresh(AbstractApplicationContext.java:543)
	at org.springframework.context.support.ClassPathXmlApplicationContext.<init>(ClassPathXmlApplicationContext.java:139)
	at eu.innovation.engineering.keyword.extractor.innen.InnenExtractor.executeInSpringContext(InnenExtractor.java:105)
	at eu.innovation.engineering.keyword.extractor.innen.InnenExtractor.extractKeywordsFromText(InnenExtractor.java:50)
	at eu.innovation.engineering.prepocessing.DatasetBuilder.addKeywords(DatasetBuilder.java:60)
	at eu.innovation.engineering.prepocessing.DatasetBuilder.buildDataset(DatasetBuilder.java:45)
	at eu.innovation.engineering.prepocessing.DatasetBuilder.main(DatasetBuilder.java:129)
Caused by: java.lang.NoClassDefFoundError: org/apache/solr/client/solrj/SolrServer
	at eu.innovationengineering.solrclient.auth.configuration.ConfigurationProvider.initConfiguration(ConfigurationProvider.java:63)
	at eu.innovationengineering.solrclient.auth.configuration.ConfigurationProvider.init(ConfigurationProvider.java:22)
	at sun.reflect.NativeMethodAccessorImpl.invoke0(Native Method)
	at sun.reflect.NativeMethodAccessorImpl.invoke(NativeMethodAccessorImpl.java:62)
	at sun.reflect.DelegatingMethodAccessorImpl.invoke(DelegatingMethodAccessorImpl.java:43)
	at java.lang.reflect.Method.invoke(Method.java:498)
	at org.springframework.beans.factory.support.AbstractAutowireCapableBeanFactory.invokeCustomInitMethod(AbstractAutowireCapableBeanFactory.java:1758)
	at org.springframework.beans.factory.support.AbstractAutowireCapableBeanFactory.invokeInitMethods(AbstractAutowireCapableBeanFactory.java:1695)
	at org.springframework.beans.factory.support.AbstractAutowireCapableBeanFactory.initializeBean(AbstractAutowireCapableBeanFactory.java:1624)
	... 15 more
Caused by: java.lang.ClassNotFoundException: org.apache.solr.client.solrj.SolrServer
	at java.net.URLClassLoader.findClass(URLClassLoader.java:381)
	at java.lang.ClassLoader.loadClass(ClassLoader.java:424)
	at sun.misc.Launcher$AppClassLoader.loadClass(Launcher.java:335)
	at java.lang.ClassLoader.loadClass(ClassLoader.java:357)
	... 24 more
17:48:08,838 [                     main] ERROR [JAXRSUtils] [] No message body writer has been found for class eu.innovationengineering.word2vec.common.request.bean.VectorListRequestBean, ContentType: application/json
17:52:12,457 [                     main] ERROR [JAXRSUtils] [] No message body writer has been found for class eu.innovationengineering.word2vec.common.request.bean.VectorListRequestBean, ContentType: application/json
18:01:46,209 [                     main] ERROR [JAXRSUtils] [] No message body writer has been found for class eu.innovationengineering.word2vec.common.request.bean.VectorListRequestBean, ContentType: application/json
18:04:11,209 [                     main] ERROR [JAXRSUtils] [] No message body writer has been found for class eu.innovationengineering.word2vec.common.request.bean.VectorListRequestBean, ContentType: application/json
17:15:17,562 [                     main] ERROR [JAXRSUtils] [] No message body writer has been found for class eu.innovationengineering.word2vec.common.request.bean.VectorListRequestBean, ContentType: application/json
